Using pre-set license
Built from '2020.3/staging' branch; Version is '2020.3.28f1 (f5400f52e03f) revision 16072719'; Using compiler version '192528614'; Build Type 'Release'
OS: 'Windows 10  (10.0.19044) 64bit Professional' Language: 'ko' Physical Memory: 16266 MB
BatchMode: 1, IsHumanControllingUs: 0, StartBugReporterOnCrash: 0, Is64bit: 1, IsPro: 0

COMMAND LINE ARGUMENTS:
C:\Program Files\Unity\Hub\Editor\2020.3.28f1\Editor\Unity.exe
-adb2
-batchMode
-noUpm
-name
AssetImportWorker0
-projectPath
D:/GitHub/Unity/Stage-2-Real/resource cleanup
-logFile
Logs/AssetImportWorker0.log
-srvPort
53596
Successfully changed project path to: D:/GitHub/Unity/Stage-2-Real/resource cleanup
D:/GitHub/Unity/Stage-2-Real/resource cleanup
Using Asset Import Pipeline V2.
Refreshing native plugins compatible for Editor in 36.16 ms, found 2 plugins.
Preloading 0 native plugins for Editor in 0.00 ms.
Initialize engine version: 2020.3.28f1 (f5400f52e03f)
[Subsystems] Discovering subsystems at path C:/Program Files/Unity/Hub/Editor/2020.3.28f1/Editor/Data/Resources/UnitySubsystems
[Subsystems] Discovering subsystems at path D:/GitHub/Unity/Stage-2-Real/resource cleanup/Assets
GfxDevice: creating device client; threaded=0
Direct3D:
    Version:  Direct3D 11.0 [level 11.1]
    Renderer: NVIDIA GeForce GTX 1060 3GB (ID=0x1b84)
    Vendor:   
    VRAM:     2988 MB
    Driver:   27.21.14.5671
Initialize mono
Mono path[0] = 'C:/Program Files/Unity/Hub/Editor/2020.3.28f1/Editor/Data/Managed'
Mono path[1] = 'C:/Program Files/Unity/Hub/Editor/2020.3.28f1/Editor/Data/MonoBleedingEdge/lib/mono/unityjit'
Mono config path = 'C:/Program Files/Unity/Hub/Editor/2020.3.28f1/Editor/Data/MonoBleedingEdge/etc'
Using monoOptions --debugger-agent=transport=dt_socket,embedding=1,server=y,suspend=n,address=127.0.0.1:56936
Begin MonoManager ReloadAssembly
Registering precompiled unity dll's ...
Register platform support module: C:/Program Files/Unity/Hub/Editor/2020.3.28f1/Editor/Data/PlaybackEngines/WindowsStandaloneSupport/UnityEditor.WindowsStandalone.Extensions.dll
Registered in 0.002223 seconds.
Native extension for WindowsStandalone target not found
Refreshing native plugins compatible for Editor in 34.29 ms, found 2 plugins.
Preloading 0 native plugins for Editor in 0.00 ms.
Mono: successfully reloaded assembly
- Completed reload, in  0.593 seconds
Domain Reload Profiling:
	ReloadAssembly (593ms)
		BeginReloadAssembly (69ms)
			ExecutionOrderSort (0ms)
			DisableScriptedObjects (0ms)
			BackupInstance (0ms)
			ReleaseScriptingObjects (0ms)
			CreateAndSetChildDomain (1ms)
		EndReloadAssembly (450ms)
			LoadAssemblies (67ms)
			RebuildTransferFunctionScriptingTraits (0ms)
			SetupTypeCache (154ms)
			ReleaseScriptCaches (0ms)
			RebuildScriptCaches (30ms)
			SetupLoadedEditorAssemblies (162ms)
				LogAssemblyErrors (0ms)
				InitializePlatformSupportModulesInManaged (4ms)
				SetLoadedEditorAssemblies (0ms)
				RefreshPlugins (34ms)
				BeforeProcessingInitializeOnLoad (14ms)
				ProcessInitializeOnLoadAttributes (81ms)
				ProcessInitializeOnLoadMethodAttributes (28ms)
				AfterProcessingInitializeOnLoad (0ms)
				EditorAssembliesLoaded (0ms)
			ExecutionOrderSort2 (0ms)
			AwakeInstancesAfterBackupRestoration (0ms)
Platform modules already initialized, skipping
Registering precompiled user dll's ...
Registered in 0.003483 seconds.
Begin MonoManager ReloadAssembly
Native extension for WindowsStandalone target not found
Refreshing native plugins compatible for Editor in 0.38 ms, found 2 plugins.
Preloading 0 native plugins for Editor in 0.00 ms.
Mono: successfully reloaded assembly
- Completed reload, in  1.025 seconds
Domain Reload Profiling:
	ReloadAssembly (1025ms)
		BeginReloadAssembly (157ms)
			ExecutionOrderSort (0ms)
			DisableScriptedObjects (5ms)
			BackupInstance (0ms)
			ReleaseScriptingObjects (0ms)
			CreateAndSetChildDomain (18ms)
		EndReloadAssembly (805ms)
			LoadAssemblies (96ms)
			RebuildTransferFunctionScriptingTraits (0ms)
			SetupTypeCache (288ms)
			ReleaseScriptCaches (0ms)
			RebuildScriptCaches (44ms)
			SetupLoadedEditorAssemblies (293ms)
				LogAssemblyErrors (0ms)
				InitializePlatformSupportModulesInManaged (4ms)
				SetLoadedEditorAssemblies (1ms)
				RefreshPlugins (0ms)
				BeforeProcessingInitializeOnLoad (87ms)
				ProcessInitializeOnLoadAttributes (185ms)
				ProcessInitializeOnLoadMethodAttributes (9ms)
				AfterProcessingInitializeOnLoad (7ms)
				EditorAssembliesLoaded (0ms)
			ExecutionOrderSort2 (0ms)
			AwakeInstancesAfterBackupRestoration (6ms)
Platform modules already initialized, skipping
========================================================================
Worker process is ready to serve import requests
Launched and connected shader compiler UnityShaderCompiler.exe after 0.07 seconds
Refreshing native plugins compatible for Editor in 0.37 ms, found 2 plugins.
Preloading 0 native plugins for Editor in 0.00 ms.
Unloading 1587 Unused Serialized files (Serialized files now loaded: 0)
System memory in use before: 77.4 MB.
System memory in use after: 77.5 MB.

Unloading 19 unused Assets to reduce memory usage. Loaded Objects now: 2023.
Total: 2.544600 ms (FindLiveObjects: 0.125600 ms CreateObjectMapping: 0.055300 ms MarkObjects: 2.297800 ms  DeleteObjects: 0.065000 ms)

AssetImportParameters requested are different than current active one (requested -> active):
  custom:framework-win-MediaFoundation: 216162199b28c13a410421893ffa2e32 -> 
  custom:video-decoder-ogg-theora: a1e56fd34408186e4bbccfd4996cb3dc -> 
  custom:container-muxer-webm: aa71ff27fc2769a1b78a27578f13a17b -> 
  custom:container-demuxer-webm: 4f35f7cbe854078d1ac9338744f61a02 -> 
  custom:container-demuxer-ogg: 62fdf1f143b41e24485cea50d1cbac27 -> 
  custom:video-encoder-webm-vp8: eb34c28f22e8b96e1ab97ce403110664 -> 
  custom:video-decoder-webm-vp8: 9c59270c3fd7afecdb556c50c9e8de78 -> 
  custom:audio-decoder-ogg-vorbis: bf7c407c2cedff20999df2af8eb42d56 -> 
  custom:audio-encoder-webm-vorbis: bf7c407c2cedff20999df2af8eb42d56 -> 
========================================================================
Received Import Request.
  path: Assets/Level/05.Prefabs/Bone
  artifactKey: Guid(bef81371812889840bddbb566ef71514) Importer(815301076,1909f56bfc062723c751e8b465ee728b)
Start importing Assets/Level/05.Prefabs/Bone using Guid(bef81371812889840bddbb566ef71514) Importer(815301076,1909f56bfc062723c751e8b465ee728b)  -> (artifact id: 'd1c9b0a87797be184b8daba51c60a647') in 0.006783 seconds 
  Import took 0.009196 seconds .

========================================================================
Received Import Request.
  Time since last request: 0.000167 seconds.
  path: Assets/Level/05.Prefabs/Old
  artifactKey: Guid(08a0b29ccafea6c4ea024c2508049fae) Importer(815301076,1909f56bfc062723c751e8b465ee728b)
Start importing Assets/Level/05.Prefabs/Old using Guid(08a0b29ccafea6c4ea024c2508049fae) Importer(815301076,1909f56bfc062723c751e8b465ee728b)  -> (artifact id: 'ed9ada2ffb0dd52d214c765c0707aa63') in 0.008327 seconds 
  Import took 0.011366 seconds .

========================================================================
Received Import Request.
  Time since last request: 62.158881 seconds.
  path: Assets/Level/05.Prefabs/Prop/Box_Dummy.prefab
  artifactKey: Guid(a7940da015c4a7e40ab30727e44bd621) Importer(815301076,1909f56bfc062723c751e8b465ee728b)
Start importing Assets/Level/05.Prefabs/Prop/Box_Dummy.prefab using Guid(a7940da015c4a7e40ab30727e44bd621) Importer(815301076,1909f56bfc062723c751e8b465ee728b)  -> (artifact id: '3d7c249c8bd195d97f4108444f2164d4') in 0.123421 seconds 
  Import took 0.126273 seconds .

========================================================================
Received Import Request.
  Time since last request: 3.598852 seconds.
  path: Assets/Level/05.Prefabs/Prop/Key_Rusty.prefab
  artifactKey: Guid(b5ea4569c8083f44bb76e160fb195f09) Importer(815301076,1909f56bfc062723c751e8b465ee728b)
Start importing Assets/Level/05.Prefabs/Prop/Key_Rusty.prefab using Guid(b5ea4569c8083f44bb76e160fb195f09) Importer(815301076,1909f56bfc062723c751e8b465ee728b)  -> (artifact id: '14d1af2b3b400d028e309a4b95955058') in 0.014687 seconds 
  Import took 0.017728 seconds .

========================================================================
Received Import Request.
  Time since last request: 0.576193 seconds.
  path: Assets/Level/05.Prefabs/Prop/Key_Silver.prefab
  artifactKey: Guid(05d0e4149b8f9c44ca01507a38b0834c) Importer(815301076,1909f56bfc062723c751e8b465ee728b)
Start importing Assets/Level/05.Prefabs/Prop/Key_Silver.prefab using Guid(05d0e4149b8f9c44ca01507a38b0834c) Importer(815301076,1909f56bfc062723c751e8b465ee728b)  -> (artifact id: 'cbcfc850dde6a598f968b1ba6dbc769e') in 0.013371 seconds 
  Import took 0.016599 seconds .

========================================================================
Received Import Request.
  Time since last request: 232.964237 seconds.
  path: Assets/Function/Scripts/Stamina
  artifactKey: Guid(5f957be26245aff439a0258c5f6ff753) Importer(815301076,1909f56bfc062723c751e8b465ee728b)
Start importing Assets/Function/Scripts/Stamina using Guid(5f957be26245aff439a0258c5f6ff753) Importer(815301076,1909f56bfc062723c751e8b465ee728b)  -> (artifact id: 'b2d4e9e3cfbbfdc3abad62c2f2ab0941') in 0.005695 seconds 
  Import took 0.008816 seconds .

========================================================================
Received Import Request.
  Time since last request: 1369.945401 seconds.
  path: Assets/Function/Scripts/PlayerMovement.cs
  artifactKey: Guid(fd448bea294fa6c43ba371703488f44d) Importer(815301076,1909f56bfc062723c751e8b465ee728b)
Start importing Assets/Function/Scripts/PlayerMovement.cs using Guid(fd448bea294fa6c43ba371703488f44d) Importer(815301076,1909f56bfc062723c751e8b465ee728b)  -> (artifact id: 'b0a7a3fc6dd5f3d62a79f29801d2cdc2') in 0.010316 seconds 
  Import took 0.013642 seconds .

========================================================================
Received Import Request.
  Time since last request: 150.193248 seconds.
  path: Assets/Level/05.Prefabs/Item.prefab
  artifactKey: Guid(bdf2d22514dd9d2489111f94fe975a8e) Importer(815301076,1909f56bfc062723c751e8b465ee728b)
Start importing Assets/Level/05.Prefabs/Item.prefab using Guid(bdf2d22514dd9d2489111f94fe975a8e) Importer(815301076,1909f56bfc062723c751e8b465ee728b)  -> (artifact id: '9b8ad01841895f721be1327bd0ef28af') in 0.028923 seconds 
  Import took 0.032329 seconds .

AssetImportWorkerClient::OnTransportError - code=2 error=End of file
